<?xml version="1.0" encoding="UTF-8"?>
<Site BuildName="(empty)"
	BuildStamp="20230630-1244-Experimental"
	Name="MW-II"
	Generator="ctest-3.16.3"
	CompilerName="/usr/bin/c++"
	CompilerVersion="9.4.0"
	OSName="Linux"
	Hostname="MW-II"
	OSRelease="5.4.0-1089-raspi"
	OSVersion="#100-Ubuntu SMP PREEMPT Thu Jun 22 09:59:38 UTC 2023"
	OSPlatform="aarch64"
	Is64Bits="1"
	VendorString=""
	VendorID="Unknown Manufacturer"
	FamilyID="8"
	ModelID="0"
	ProcessorCacheSize="0"
	NumberOfLogicalCPU="4"
	NumberOfPhysicalCPU="1"
	TotalVirtualMemory="0"
	TotalPhysicalMemory="7809"
	LogicalProcessorsPerPhysical="4"
	ProcessorClockFrequency="0"
	>
	<Testing>
		<StartDateTime>Jun 30 23:03 CST</StartDateTime>
		<StartTestTime>1688137405</StartTestTime>
		<TestList/>
		<EndDateTime>Jun 30 23:03 CST</EndDateTime>
		<EndTestTime>1688137405</EndTestTime>
		<ElapsedMinutes>0</ElapsedMinutes>
	</Testing>
</Site>
